{"name": "BankApp url testing 01", "status": "failed", "statusDetails": {"message": "AssertionError: assert False", "trace": "self = <testCases.test_UserProfile.Test_UserProfile object at 0x000001D173DAF770>\n\n    @pytest.mark.sanity\n    @pytest.mark.group1\n    @pytest.mark.flaky(reruns=1, reruns_delay=1)\n    @allure.title(\"BankApp url testing 01\")\n    def test_BankApp_Url_001(self):\n        \"\"\"self.Log.debug(\"This is debug\")\n        self.Log.info(\"This is info\")\n        self.Log.warning(\"This is warning\")\n        self.Log.error(\"This is error\")\n        self.Log.critical(\"This is critical\")\"\"\"\n    \n        self.Log.info(\"Testcase test_BankApp_Url_001 is started\")\n        self.Log.info(\"Opening browser\")\n        self.Log.info(\"Checking page title\")\n        if self.driver.title == \"Bank Application\":\n            self.Log.info(\"Testcase test_BankApp_Url_001 is passed\")\n            self.Log.info(\"Taking screenshot\")\n            allure.attach(self.driver.get_screenshot_as_png(), name=\"test_BankApp_Url_001_pass\", attachment_type=AttachmentType.PNG)\n            self.driver.save_screenshot(\".\\\\Screeshots\\\\test_BankApp_Url_001_pass.png\")\n            self.Log.info(\"Testcase test_BankApp_Url_001 is completed\\n\")\n            assert True\n        else:\n            self.Log.info(\"Testcase test_BankApp_Url_001 is fail\")\n            self.Log.info(\"Taking screenshot\")\n            self.driver.save_screenshot(\".\\\\Screeshots\\\\test_BankApp_Url_001_fail.png\")\n            self.Log.info(\"Testcase test_BankApp_Url_001 is completed\\n\")\n>           assert False\nE           assert False\n\ntestCases\\test_UserProfile.py:45: AssertionError"}, "description": "self.Log.debug(\"This is debug\")\n        self.Log.info(\"This is info\")\n        self.Log.warning(\"This is warning\")\n        self.Log.error(\"This is error\")\n        self.Log.critical(\"This is critical\")", "attachments": [{"name": "log", "source": "63be9e63-6463-4ec3-b825-28e62b96b8ac-attachment.txt", "type": "text/plain"}, {"name": "stdout", "source": "b72cd643-433b-45c7-b352-e53bc2ec072b-attachment.txt", "type": "text/plain"}], "start": 1733805157607, "stop": 1733805157713, "uuid": "b28ab881-8e2c-435d-a0e1-c4c84f055045", "historyId": "012148b73699b2cac0bad3ffefd3ea02", "testCaseId": "012148b73699b2cac0bad3ffefd3ea02", "fullName": "test_UserProfile.Test_UserProfile#test_BankApp_Url_001", "labels": [{"name": "tag", "value": "flaky(reruns=1, reruns_delay=1)"}, {"name": "tag", "value": "group1"}, {"name": "tag", "value": "sanity"}, {"name": "tag", "value": "@pytest.mark.usefixtures('driver_setup')"}, {"name": "suite", "value": "test_UserProfile"}, {"name": "subSuite", "value": "Test_UserProfile"}, {"name": "host", "value": "Credence-Pc"}, {"name": "thread", "value": "34804-MainThread"}, {"name": "framework", "value": "pytest"}, {"name": "language", "value": "cpython3"}, {"name": "package", "value": "test_UserProfile"}]}